<?xml version="1.0" encoding="UTF-8"?>
<testsuites name="jest tests" tests="2" failures="0" time="8.78">
  <testsuite name="Query.chats" errors="0" failures="0" skipped="0" timestamp="2020-03-10T10:13:49" time="4.855" tests="1">
    <testcase classname="Query.chats should fetch all chats" name="Query.chats should fetch all chats" time="0.077">
    </testcase>
  </testsuite>
  <testsuite name="Query.chat" errors="0" failures="0" skipped="0" timestamp="2020-03-10T10:13:49" time="4.899" tests="1">
    <testcase classname="Query.chat should fetch specified chat" name="Query.chat should fetch specified chat" time="0.058">
    </testcase>
  </testsuite>
</testsuites>