<?xml version="1.0" encoding="UTF-8"?>
<testsuites name="jest tests" tests="1" failures="0" time="15.114">
  <testsuite name="Query.chats" errors="0" failures="0" skipped="0" timestamp="2020-03-10T09:25:44" time="10.049" tests="1">
    <testcase classname="Query.chats should fetch all chats" name="Query.chats should fetch all chats" time="0.055">
    </testcase>
  </testsuite>
</testsuites>